npm error code ERESOLVE
npm error ERESOLVE unable to resolve dependency tree
npm error
npm error While resolving: alana-ui@1.0.0
npm error Found: react-native@0.74.1
npm error node_modules/react-native
npm error   react-native@"0.74.1" from the root project
npm error
npm error Could not resolve dependency:
npm error peer react-native@"^0.73.0" from @react-native-community/datetimepicker@8.0.0
npm error node_modules/@react-native-community/datetimepicker
npm error   dev @react-native-community/datetimepicker@"8.0.0" from the root project
npm error
npm error Fix the upstream dependency conflict, or retry
npm error this command with --force or --legacy-peer-deps
npm error to accept an incorrect (and potentially broken) dependency resolution.
npm error
npm error
npm error For a full report see:
npm error C:\Users\Andres\AppData\Local\npm-cache\_logs\2024-05-12T05_42_28_209Z-eresolve-report.txt

npm error A complete log of this run can be found in: C:\Users\Andres\AppData\Local\npm-cache\_logs\2024-05-12T05_42_28_209Z-debug-0.log
